* installing *source* package ‘spectral’ ...
** using staged installation
** libs
clang -mmacosx-version-min=10.13 -I"/Library/Frameworks/R.framework/Resources/include" -DNDEBUG   -I/usr/local/include   -fPIC  -Wall -g -O2  -c Thomson_F.c -o Thomson_F.o
clang -mmacosx-version-min=10.13 -I"/Library/Frameworks/R.framework/Resources/include" -DNDEBUG   -I/usr/local/include   -fPIC  -Wall -g -O2  -c transfer_functions.c -o transfer_functions.o
gfortran -mmacosx-version-min=10.13 -fno-optimize-sibling-calls  -fPIC  -Wall -g -O2  -c tridib.f -o tridib.o
tridib.f:164:72:

  164 |    60 if (s - m1) 65, 73, 70
      |                                                                        1
Warning: Fortran 2018 deleted feature: Arithmetic IF statement at (1)
tridib.f:176:72:

  176 |    80 if (s - m22) 65, 85, 70
      |                                                                        1
Warning: Fortran 2018 deleted feature: Arithmetic IF statement at (1)
tridib.f:447:72:

  447 |   500    norm = dmax1(norm, dabs(d(i))+dabs(e(i)))
      |                                                                        1
Warning: Fortran 2018 deleted feature: DO termination statement which is not END DO or CONTINUE with label 500 at (1)
tridib.f:515:72:

  515 |   640       xu = xu + rv6(i) * z(i,j)
      |                                                                        1
Warning: Fortran 2018 deleted feature: DO termination statement which is not END DO or CONTINUE with label 640 at (1)
tridib.f:518:72:

  518 |   660       rv6(i) = rv6(i) - xu * z(i,j)
      |                                                                        1
Warning: Fortran 2018 deleted feature: DO termination statement which is not END DO or CONTINUE with label 660 at (1)
tridib.f:525:72:

  525 |   720    norm = norm + dabs(rv6(i))
      |                                                                        1
Warning: Fortran 2018 deleted feature: DO termination statement which is not END DO or CONTINUE with label 720 at (1)
tridib.f:538:72:

  538 |   760    rv6(i) = rv6(i) * xu
      |                                                                        1
Warning: Fortran 2018 deleted feature: DO termination statement which is not END DO or CONTINUE with label 760 at (1)
tridib.f:563:72:

  563 |   860    u = pythag(u,rv6(i))
      |                                                                        1
Warning: Fortran 2018 deleted feature: DO termination statement which is not END DO or CONTINUE with label 860 at (1)
tridib.f:568:72:

  568 |   880    z(i,r) = 0.0d0
      |                                                                        1
Warning: Fortran 2018 deleted feature: DO termination statement which is not END DO or CONTINUE with label 880 at (1)
tridib.f:571:72:

  571 |   900    z(i,r) = rv6(i) * xu
      |                                                                        1
Warning: Fortran 2018 deleted feature: DO termination statement which is not END DO or CONTINUE with label 900 at (1)
tridib.f:283:0:

  283 |       r = r + m2 - m1 + 1
      | 
Warning: 'm2' may be used uninitialized in this function [-Wmaybe-uninitialized]
tridib.f:266:13:

  266 |   360    if (s .ge. k) go to 400
      |             ^
Warning: 'k' may be used uninitialized in this function [-Wmaybe-uninitialized]
tridib.f:182:10:

  182 |   100 if (r .eq. m) go to 1001
      |          ^
Warning: 'r' may be used uninitialized in this function [-Wmaybe-uninitialized]
tridib.f:176:0:

  176 |    80 if (s - m22) 65, 85, 70
      | 
Warning: 'm22' may be used uninitialized in this function [-Wmaybe-uninitialized]
gfortran -mmacosx-version-min=10.13 -fno-optimize-sibling-calls  -fPIC  -Wall -g -O2  -c zpotrf.f -o zpotrf.o
zpotrf.f:179:18:

  179 |             AJJ = DBLE( A( J, J ) ) - ZDOTC( J-1, A( 1, J ), 1,
      |                  1
Warning: Possible change of value in conversion from COMPLEX(8) to REAL(8) at (1) [-Wconversion]
zpotrf.f:206:18:

  206 |             AJJ = DBLE( A( J, J ) ) - ZDOTC( J-1, A( J, 1 ), LDA,
      |                  1
Warning: Possible change of value in conversion from COMPLEX(8) to REAL(8) at (1) [-Wconversion]
zpotrf.f:2721:26:

 2721 |                   RTEMP = RTEMP + DCONJG( A( L, J ) )*A( L, J )
      |                          1
Warning: Possible change of value in conversion from COMPLEX(8) to REAL(8) at (1) [-Wconversion]
zpotrf.f:2733:26:

 2733 |                   RTEMP = RTEMP + DCONJG( A( L, J ) )*A( L, J )
      |                          1
Warning: Possible change of value in conversion from COMPLEX(8) to REAL(8) at (1) [-Wconversion]
zpotrf.f:572:69:

  572 |       INTEGER          FUNCTION ILAENV( ISPEC, NAME, OPTS, N1, N2, N3,
      |                                                                     1
Warning: Unused dummy argument 'n3' at (1) [-Wunused-dummy-argument]
zpotrf.f:572:57:

  572 |       INTEGER          FUNCTION ILAENV( ISPEC, NAME, OPTS, N1, N2, N3,
      |                                                         1
Warning: Unused dummy argument 'opts' at (1) [-Wunused-dummy-argument]
clang -mmacosx-version-min=10.13 -dynamiclib -Wl,-headerpad_max_install_names -undefined dynamic_lookup -single_module -multiply_defined suppress -L/Library/Frameworks/R.framework/Resources/lib -L/usr/local/lib -o spectral.so Thomson_F.o transfer_functions.o tridib.o zpotrf.o -L/usr/local/gfortran/lib/gcc/x86_64-apple-darwin18/8.2.0 -L/usr/local/gfortran/lib -lgfortran -lquadmath -lm -F/Library/Frameworks/R.framework/.. -framework R -Wl,-framework -Wl,CoreFoundation
ld: warning: directory not found for option '-L/usr/local/gfortran/lib/gcc/x86_64-apple-darwin18/8.2.0'
ld: warning: directory not found for option '-L/usr/local/gfortran/lib'
installing to /Users/pfc/Dropbox/work/computing/github_projects/spectral/spectral.Rcheck/00LOCK-spectral/00new/spectral/libs
** R
** byte-compile and prepare package for lazy loading
** help
*** installing help indices
** building package indices
** testing if installed package can be loaded from temporary location
** checking absolute paths in shared objects and dynamic libraries
** testing if installed package can be loaded from final location
** testing if installed package keeps a record of temporary installation path
* DONE (spectral)
